f:\simple3dgame\build\simple3dgame.dir\debug\vc142.pdb
f:\simple3dgame\build\simple3dgame.dir\debug\bed.obj
f:\simple3dgame\build\simple3dgame.dir\debug\colonyai.obj
f:\simple3dgame\build\simple3dgame.dir\debug\animal.obj
f:\simple3dgame\build\simple3dgame.dir\debug\tree.obj
f:\simple3dgame\build\simple3dgame.dir\debug\door.obj
f:\simple3dgame\build\simple3dgame.dir\debug\buildingblueprint.obj
f:\simple3dgame\build\simple3dgame.dir\debug\interactableobject.obj
f:\simple3dgame\build\simple3dgame.dir\debug\item.obj
f:\simple3dgame\build\simple3dgame.dir\debug\resourcetypes.obj
f:\simple3dgame\build\simple3dgame.dir\debug\resourcenode.obj
f:\simple3dgame\build\simple3dgame.dir\debug\gatheringtask.obj
f:\simple3dgame\build\simple3dgame.dir\debug\buildingtask.obj
f:\simple3dgame\build\simple3dgame.dir\debug\colony.obj
f:\simple3dgame\build\simple3dgame.dir\debug\terrain.obj
f:\simple3dgame\build\simple3dgame.dir\debug\dicontainer.obj
f:\simple3dgame\build\simple3dgame.dir\debug\gamesystem.obj
f:\simple3dgame\build\simple3dgame.dir\debug\eventsystem.obj
f:\simple3dgame\build\simple3dgame.dir\debug\gameengine.obj
f:\simple3dgame\build\simple3dgame.dir\debug\buildingcomponent.obj
f:\simple3dgame\build\simple3dgame.dir\debug\statscomponent.obj
f:\simple3dgame\build\simple3dgame.dir\debug\inventorycomponent.obj
f:\simple3dgame\build\simple3dgame.dir\debug\interactioncomponent.obj
f:\simple3dgame\build\simple3dgame.dir\debug\resourcecomponent.obj
f:\simple3dgame\build\simple3dgame.dir\debug\needssystem.obj
f:\simple3dgame\build\simple3dgame.dir\debug\timecyclesystem.obj
f:\simple3dgame\build\simple3dgame.dir\debug\testsystem.obj
f:\simple3dgame\build\simple3dgame.dir\debug\storagesystem.obj
f:\simple3dgame\build\simple3dgame.dir\debug\buildingsystem.obj
f:\simple3dgame\build\simple3dgame.dir\debug\inventorysystem.obj
f:\simple3dgame\build\simple3dgame.dir\debug\foodsystem.obj
f:\simple3dgame\build\simple3dgame.dir\debug\equipmentsystem.obj
f:\simple3dgame\build\simple3dgame.dir\debug\skillssystem.obj
f:\simple3dgame\build\simple3dgame.dir\debug\resourcesystem.obj
f:\simple3dgame\build\simple3dgame.dir\debug\navigationgrid.obj
f:\simple3dgame\build\simple3dgame.dir\debug\projectile.obj
f:\simple3dgame\build\simple3dgame.dir\debug\ant.obj
f:\simple3dgame\build\simple3dgame.dir\debug\playercharacter.obj
f:\simple3dgame\build\simple3dgame.dir\debug\equipmentcomponent.obj
f:\simple3dgame\build\simple3dgame.dir\debug\treecomponent.obj
f:\simple3dgame\build\simple3dgame.dir\debug\positioncomponent.obj
f:\simple3dgame\build\simple3dgame.dir\debug\skillscomponent.obj
f:\simple3dgame\build\simple3dgame.dir\debug\interactionsystem.obj
f:\simple3dgame\build\simple3dgame.dir\debug\craftingsystem.obj
f:\simple3dgame\build\simple3dgame.dir\debug\settler.obj
f:\simple3dgame\build\simple3dgame.dir\debug\main.obj
f:\simple3dgame\build\simple3dgame.dir\debug\uisystem.obj
f:\simple3dgame\build\cmakefiles\generate.stamp
f:\simple3dgame\build\debug\simple3dgame.pdb
f:\simple3dgame\build\simple3dgame.dir\debug\simple3dgame.tlog\cl.command.1.tlog
f:\simple3dgame\build\simple3dgame.dir\debug\simple3dgame.tlog\cl.read.1.tlog
f:\simple3dgame\build\simple3dgame.dir\debug\simple3dgame.tlog\cl.write.1.tlog
f:\simple3dgame\build\simple3dgame.dir\debug\simple3dgame.tlog\custombuild.command.1.tlog
f:\simple3dgame\build\simple3dgame.dir\debug\simple3dgame.tlog\custombuild.read.1.tlog
f:\simple3dgame\build\simple3dgame.dir\debug\simple3dgame.tlog\custombuild.write.1.tlog
f:\simple3dgame\build\simple3dgame.dir\debug\simple3dgame.tlog\link.command.1.tlog
f:\simple3dgame\build\simple3dgame.dir\debug\simple3dgame.tlog\link.read.1.tlog
f:\simple3dgame\build\simple3dgame.dir\debug\simple3dgame.tlog\link.read.2.tlog
f:\simple3dgame\build\simple3dgame.dir\debug\simple3dgame.tlog\link.write.1.tlog
